2025/11/25 13:49:38 Запуск 1C HTTP Server (без GUI)...
2025/11/25 13:49:38 Используется существующая база данных: 1c_data.db
2025/11/25 13:49:38 Running migration: adding stage tracking fields to normalized_data...
2025/11/25 13:49:38 Migration completed: 0 columns added, 79 columns already existed
2025/11/25 13:49:38 Creating indexes for stage tracking...
2025/11/25 13:49:38 Stage indexes created: 25 new indexes
2025/11/25 13:49:38 Running migration: adding normalization_session_id to normalized_data...
2025/11/25 13:49:38 Session ID migration completed: 1 changes applied, 1 already existed
2025/11/25 13:49:38 Running migration: adding project_id to normalized_data...
2025/11/25 13:49:38 Project ID migration completed: 1 changes applied, 1 already existed
2025/11/25 13:49:38 Running migration: adding stage tracking fields to normalized_data...
2025/11/25 13:49:38 Migration completed: 0 columns added, 79 columns already existed
2025/11/25 13:49:38 Creating indexes for stage tracking...
2025/11/25 13:49:38 Stage indexes created: 25 new indexes
2025/11/25 13:49:38 Running migration: adding normalization_session_id to normalized_data...
2025/11/25 13:49:38 Session ID migration completed: 1 changes applied, 1 already existed
2025/11/25 13:49:38 Running migration: adding project_id to normalized_data...
2025/11/25 13:49:38 Project ID migration completed: 1 changes applied, 1 already existed
2025/11/25 13:49:38 Running migration: creating normalization_sessions table...
2025/11/25 13:49:38 Normalization sessions migration completed: table and 6 indexes created
2025/11/25 13:49:38 Warning: ARLIAI_API_KEY not set
2025/11/25 13:49:38 ARLIAI_API_KEY не установлен, AI нормализация отключена
2025/11/25 13:49:38 Loaded 1 providers from database
2025/11/25 13:49:38 Config loaded from service database
2025/11/25 13:49:38 Enrichment factory initialized with 2 services
2025/11/25 13:49:38 Поисковик эталонов установлен
2025/11/25 13:49:38 Running migration: adding source_id field to gosts table...
2025/11/25 13:49:38 source_id column already exists, skipping migration
2025/11/25 13:49:38 Provider orchestrator initialized with strategy: first_success, timeout: 30s, multi-provider enabled: false
2025/11/25 13:49:38 Warning: Failed to get providers from DB: failed to get active providers: no such table: providers. Multi-provider client will not be initialized.
2025/11/25 13:49:38 Поисковик эталонов установлен
2025/11/25 13:49:38 Running migration: adding source_id field to gosts table...
2025/11/25 13:49:38 source_id column already exists, skipping migration
2025/11/25 13:49:38 Сервер запущен на порту 9999
2025/11/25 13:49:38 API доступно по адресу: http://localhost:9999
2025/11/25 13:49:38 Для остановки нажмите Ctrl+C
2025/11/25 13:49:38 Project type classifiers already initialized, skipping
2025/11/25 13:49:38 Сервер запускается на порту 9999
